Output Output 1: Finish processing IP packet 04e2fa76-9517-4b57-a52e-cba47b441055!
- - - - - - - - - - - - - - - - - - - - - - - - - - - - - - - - - - 
| SOURCE                          DESTINATION                     |
- - - - - - - - - - - - - - - - - - - - - - - - - - - - - - - - - - 
| 176.27.190.64                   10.119.88.104                   |
- - - - - - - - - - - - - - - - - - - - - - - - - - - - - - - - - - 
|                          PAYLOAD                                |
- - - - - - - - - - - - - - - - - - - - - - - - - - - - - - - - - - 
| 1 1 0 0 1 0 0 1 0 1 0 0 0 0 1 0 1 1 0 1 1 1 1 0 1 1 0 1 1 0 1 0 |
| 1 0 0 0 1 0 0 0 0 0 0 1 0 1 0 1 0 0 0 1 0 1 1 1 0 0 0 0 1 1 1 1 |
| 0 1 0 1 1 1 0 1 1 0 1 1 0 1 0 0 1 1 1                           |
- - - - - - - - - - - - - - - - - - - - - - - - - - - - - - - - - - 

Output Output 0: Finish processing IP packet 293612c2-71de-477e-af7a-4400c950d6bb!
- - - - - - - - - - - - - - - - - - - - - - - - - - - - - - - - - - 
| SOURCE                          DESTINATION                     |
- - - - - - - - - - - - - - - - - - - - - - - - - - - - - - - - - - 
| 142.169.242.125                 192.168.1.125                   |
- - - - - - - - - - - - - - - - - - - - - - - - - - - - - - - - - - 
|                          PAYLOAD                                |
- - - - - - - - - - - - - - - - - - - - - - - - - - - - - - - - - - 
| 0 1 1 0 1 1 1 1 0 1 0 0 0 0 1 0 1 1 1 0 0 1 0 0 0 1 1 1 1 0 1 1 |
| 1 1 1 0 0 1 0 0 0 1 0 0 1 1 1 1 1 0 0 0 1 1 1 1 0 0 0 1 0 0 0 1 |
| 1 1 0 1 1 1 0 1 0 0 1 1 1 0 1 1 1 1 1 0 1 0 1 0 1 1 1 1 1 0 0 0 |
| 1 1 1 1 0 0 0 1 0 1 0 1 0 0 0 0 0 0 1 0 0 0 1 1 0 0 1 0 1 0 0 1 |
| 1 1 0 0 0 0 0 0 0 1 0 0                                         |
- - - - - - - - - - - - - - - - - - - - - - - - - - - - - - - - - - 

Output Output 1: Finish processing IP packet c2a70d7c-1c27-4009-bdb5-e2b53ba2ff8c!
- - - - - - - - - - - - - - - - - - - - - - - - - - - - - - - - - - 
| SOURCE                          DESTINATION                     |
- - - - - - - - - - - - - - - - - - - - - - - - - - - - - - - - - - 
| 42.168.148.239                  10.173.112.230                  |
- - - - - - - - - - - - - - - - - - - - - - - - - - - - - - - - - - 
|                          PAYLOAD                                |
- - - - - - - - - - - - - - - - - - - - - - - - - - - - - - - - - - 
| 0 1 1 1 0 0 1 1 0 1 0 1 0 1 1 1 0 0 1 0 0 0 0 0 0 0 0 1 1 1 1 0 |
| 0 1 1 0 0 0 0 0 0 0 0 0 1 1 1 1 0 0 0 1 1 1 1 1 1 0 0 0 0 0 0 0 |
| 0 1 1 0 0 1 0 1 1 1 0 0 1 0 0 1 1 0 1 0 0 0 1 1 0 1 1 0 1 1 0 0 |
| 1 1 0 0 0 1 1 0 0 0 0 1 0 0 0 0 0 1 0 0 0 1 1 1 1 1 0 0 0 0 1 0 |
| 0 1 0 1 1 0 1 0 1 0 0 0 0 0 1 0 0 0 0 0 0 1 0 0 0 1 1 0 0 1 1 1 |
| 0 0 1 1 1 0 0 0 1 0 0 1 0 1 1 0 0 1 1 1 1 0 1 0 0 0 0 1 1 0 1 1 |
| 0 1 1 1 0 1 0 1 0 0 1 0 1 0 1 0 1 1 1 1 1 0 0 0 1 0 1 0 0 0 0 1 |
| 1 1 0 0 1 1 1 1 1 1 1 1 0 1 0 1 0 0 0 0 1 0 0 1 1 1 1 1 0 1 1 1 |
| 1 1 1 1 1 0 1 1 1 0 0 0 1 1 0 1 0 0 0 1 0 1 0 0 0 1 0 0 1 0 1 1 |
| 1 1 0 0 1 1 1 0 1 1 1 1 0 0 0 0 1 1 0 0 1 0 1 0 0 0 0 1 0 0 0 0 |
| 1 1 1 1 0 1 1 1 0 0 0 1 1 1 1 0 1 0 1 1 0 0 1 0 0 1 0 0 1 1 1 0 |
| 0 1 1 0 1 0 0 0 1 0 1 0 0 0 1 0 0 0 0 0 1 1 1 1 0 0             |
- - - - - - - - - - - - - - - - - - - - - - - - - - - - - - - - - - 

Output Output 1: Finish processing IP packet b3af2fd7-ddf0-449d-be26-646eedc2d3c6!
- - - - - - - - - - - - - - - - - - - - - - - - - - - - - - - - - - 
| SOURCE                          DESTINATION                     |
- - - - - - - - - - - - - - - - - - - - - - - - - - - - - - - - - - 
| 167.148.137.78                  10.80.98.158                    |
- - - - - - - - - - - - - - - - - - - - - - - - - - - - - - - - - - 
|                          PAYLOAD                                |
- - - - - - - - - - - - - - - - - - - - - - - - - - - - - - - - - - 
| 1 1 0 0 0 1 1 0 0 1 1 0 0 0 0 0 0 1 0 0 0 1 0 1 1 0 1 0 0 1 1 1 |
| 1 1 0 1 1 0 1 1 0 1 0 0 1 0 0 1 0 0 1 0 1 1 1 1 1 0 0 1 1 1 0 0 |
| 1 1 0 1 0 0 1 0 1 1 1 1 0 0 0 0 1 0 1 0 1 0 1 0 0 0 0 0 1 0 1 1 |
| 1 0 1 0 0 0 1 0 1 0 0 0 0 0 1 0 1 0 1 0 1 1 1 0 1 0 1 0 1 1 0 0 |
| 1 1 0 0 0 1                                                     |
- - - - - - - - - - - - - - - - - - - - - - - - - - - - - - - - - - 

Output Output 0: Finish processing IP packet cb8a6585-f3f1-4a9b-9b89-3a2f48462bac!
- - - - - - - - - - - - - - - - - - - - - - - - - - - - - - - - - - 
| SOURCE                          DESTINATION                     |
- - - - - - - - - - - - - - - - - - - - - - - - - - - - - - - - - - 
| 168.18.177.220                  192.168.1.114                   |
- - - - - - - - - - - - - - - - - - - - - - - - - - - - - - - - - - 
|                          PAYLOAD                                |
- - - - - - - - - - - - - - - - - - - - - - - - - - - - - - - - - - 
| 1 0 0 0 1 1 1 1 0 0 1 1 1 0 0 1 0 1 0 1 1 0 1 1 0 1 0 0 1 1 0 1 |
| 0 0 0 1 0 1 1 0 0 0 1 0 0 1 0 0 1 1 0 0 0 0 0 1 1 1 1 1 0 0 0 0 |
| 1 0 1 0 0 1 0 0 1 0 1 1 0 1 0 0 0 0 1 1 1 1 1 0 0 0 0 0 0 0 0 1 |
| 1 0 0 0 0 0 0 0 1 0 0 0 1 0 0 0 1 0 1 0 1 0 0 0 1 1 1 1 1 0 0 1 |
| 0 1 1 0 0 1 0 0 1 0 1 1 0 1 0 0 0 1 1 1 1 1 1 0 1 0 0 1 1 0 1 0 |
| 0 0 0 0 0 0 1 0 1 1 0 0 1 0 0 1 0 1 1 1 1 0 1 1 0 1 1 1 1 0 0 1 |
| 1 1 1 1 0 0 1 0 1 0 0 0 1 0 1 1 0 1 0 1 1 1 1 1 0 1 1 1 1 0 0 0 |
| 1 0 1 0 0 0 1 0 0 0 0 1 0 0 1 1 0 1 1 0 1 0 0 0 1 0 1 0 1 1 0 0 |
| 0 1 0 1 0 1 1 0 0 0 1 1 1 1 0 0 1 1 1 0 1 0 0 1 1 0 0 1 1 1 0 0 |
| 0 1 1 1 1 1 1 0 0 1 1 1 1 1 1 0 0 1 0 0 0 0 0 0 1 0 1 1 0 0 1 0 |
| 1 1 1 1 0 0 0 0 1 0 1 0 1 1 1 0 1 1 0 1 0 1 1 1 1 1 1 0 0 1 1 0 |
| 0 1 0 0 1 1 0 1 1 1 0 1 0 1 0 0 0 0 1 0 1 1 1 0 0 0 1 0 0 1 0 0 |
| 1 1 1 0 0 0 0 0 0 1 1 1 0 1 0 1 1 0 1 1 0 1 0 1 0 0 0 0 0 0 1 1 |
| 0 0 0 0 1 0 0 0 1 1 0 0 1 1 0 0 1 0 0 1 1 1 0 1 1 0 1 0 0 0 0 0 |
| 1 1 1 0 1 1 0 0 1 1 0 0 1 1 1 0 0 1 0 1 1 1 1 0 0 1 1 1 1 0 0 1 |
| 0 1 0 1 0 1 0 1 1 1 1 0 0 0 0 0 1 1 1 1 0 1 0 0 1 0 1 0 1 0 0 0 |
| 1 1 0 1 1 0 0 1 1 0 1 0 0 0 0 0 1 1 0 0 0 0 0 1 0 0 0 0 0 1 0 1 |
| 0 1 0 1 0 0 1 0 1 0 0 0 1 0 1 0 1 1 0 0 0 0 1 0 0 1 0 0 1 1 0 1 |
| 1 0 1 0 1 0 1 0 1 1 1 1 0 1 1 1 1 0 0 1 1 0 0 1 1 0 1 1 0 0 0 1 |
| 1 0 1 1 1 0 1 1 1 0 1 0 1 0 0 0 1 1 0 1 1 0 1 1 1 1 0 0 1 1 1 0 |
| 0 0 0 0 1 0 0 1 1 1 1 0 0 1 0 0 1 1 0 1 0 1 0 1 0 1 0 1 1 1 0 0 |
| 0 1 1 1 1 0 1 0 0 1 1 0 0 1 0 1 0 1 0 1 1 0 0 0 1 1 1 0 0 0 1 1 |
| 0 0 0 1 1 1 0 0 1 0 1 0 1 0 1 1 0 1 0 1 1 0 1 1 0 1 1 1 1 1 1 0 |
| 0 0 1 1 1 0 0 1 1 0 1 1 0 0 0 0 0 1 0 0 0 1 0 0 1 0 1 0 1 1 1 0 |
| 1 1 0 1 1 0 1 0 0 1 0 1 0 1 1 1 0 0 1 1 0 1 0 1 1 1 1 0 1 1 0 0 |
| 0 1 1 1 0 0 1 1 1 1 1 1 1 0 1 0 0 1 1 0 1 1 1 0 1 1 0 0 0 1 0 1 |
| 0 0 1 1 0 1 1 0 1 0 1 1 1 0 0 0 1 1 1 1 1 1 1 1 1 1 0 0 0 0 1 1 |
| 1 1 1 0 1 0 1 0 1 1 0 0 1 1 1 1 0 0 0 1 0 0 0 0 1 0 1 0 1 1 0 1 |
| 1 0 0 0 0 1 0 1 1 1 0 1 1 0 0 1 0 0 1 0 0 1 1 0 1 1 0 0 1 0 0 1 |
| 1 1 0 0 0 0 0 1 1 0 0 0 1 0 1 1 0 0 0 1 1 0 0 1 1 0 0 1 1 0 1 0 |
| 0 1 1 1 0 1 1 0 0 1 0 0 0 1 0 1 0 1 0 0 0 1 1 0 0 0 0 0 0 1 0 0 |
| 0 1 1 0 0 1 1 0 0 1 0 1 0 1 1 1                                 |
- - - - - - - - - - - - - - - - - - - - - - - - - - - - - - - - - - 

Output Output 2: Finish processing IP packet a5c8f998-4832-4b76-bccb-4becb3cedc81!
- - - - - - - - - - - - - - - - - - - - - - - - - - - - - - - - - - 
| SOURCE                          DESTINATION                     |
- - - - - - - - - - - - - - - - - - - - - - - - - - - - - - - - - - 
| 195.101.74.126                  172.16.135.120                  |
- - - - - - - - - - - - - - - - - - - - - - - - - - - - - - - - - - 
|                          PAYLOAD                                |
- - - - - - - - - - - - - - - - - - - - - - - - - - - - - - - - - - 
| 1 1 0 0 0 1 1 0 1 1 0 0 1 1 1 1 1 1 0 0 0 0 0 1 1 1 1 0 0 1 1 1 |
| 1 0 0 1 1 1 1 0 0 0 1 0 1 1 0 1 1 0 0 0 1 1 0 1 1 1 1 1 1 1 1 1 |
| 0 1 1 0 1 1 0 0 0 0 1 0 1 1 0 0 0 1 0 1 1 0 1 1 1 0 0 1 0 1 1 0 |
| 0 0 1 1 1 0 0 0 1 1 1 1 1 1 1 0 1 0 1 1 1 0 1 0 1 0 0 1 0 1 1 0 |
| 1 0 1 1 0 1 1 1 0 1 0 1 1 0 1 1 1 0 1 0 1 1 0 0 0 1 1 1 1 1 0 0 |
| 0 0 0                                                           |
- - - - - - - - - - - - - - - - - - - - - - - - - - - - - - - - - - 

Output Output 1: Finish processing IP packet e78b8042-d793-4cf4-a091-f62ac106eefe!
- - - - - - - - - - - - - - - - - - - - - - - - - - - - - - - - - - 
| SOURCE                          DESTINATION                     |
- - - - - - - - - - - - - - - - - - - - - - - - - - - - - - - - - - 
| 90.136.176.246                  10.228.233.163                  |
- - - - - - - - - - - - - - - - - - - - - - - - - - - - - - - - - - 
|                          PAYLOAD                                |
- - - - - - - - - - - - - - - - - - - - - - - - - - - - - - - - - - 
| 0 1 1 1 0 1 0 1 1 0 1 1 0 0 0 0 1 0 0 0 0 0 1 0 0 0 1 1 1 0 1 1 |
| 1 1 0 1 0 1 0 1 1 0 0 0 1 0 1 0 1 1 0 0 0 0 0 1 0 1 0 0 1 1 0 0 |
| 0 1 1 0 1 0 0 0 1 0 0 1 1 1 1 1 1 1 0 1 0 1 0 0 0 1 0 1 1 0 1 1 |
| 1 0 1 1 1 0 1 0 0 0 1 0 1 1 1 1 1 1 0 0 1 0 1 0 1 0 0 1 1 1 0 1 |
| 0 1 0 0 0 0 1 1 1 0 0 1 0 1 1 0 0 1 1 1 0 0 1 0 1 1 0 0 1 1 1 0 |
| 1 0 1 1 1 1 1 0 0 0 1 0 1 0 0 1 1 1 0 0 1 1 0 0 1 1 0 0 1 1 1 0 |
| 0 1 1 1 0 1 0 0 0 1 0 0 0 0 0 1 0 0 1 0 1 0 0 0 0 1 0 0 1 0 1 0 |
| 1 0 0 1 0 1 1 0 1 0 0 1 1 0 0 0 1 0 0 0 1 0 0 0 0 0 1 1 1 0 1 0 |
| 0 1 1 1 0 0 0 0 1 1 1 1 1 0 0 1 0 0 1 1 0 0 0 0 1 0 0 1 1 0 1 0 |
| 1 1 1 0 0 1 0 0 0 1 1 1 1 1 0 0 0 1 0 0 0 1 0 1 0 1 1 1 1 0 1 0 |
| 0 0 1 1 1 1 1 0 1 0 0 0 0 1 1 0 0 0 0 0 0 0 0 0 1 0 1 0 1 0 1 0 |
| 1 0 1 1 0 0 0 1 1 1 1 0 0 1 0 1 1 0 1 0 0 0 1 0 1 1 1 1 0 1 0 1 |
| 0 1 1 1 1 0 0 1 0 0 0 0 0 1 1 0 1 1 1 1 1 1 1 1 1 0 0 1 0 0 0 0 |
| 1 1 1 0 1 0 1 1 1 1 0 1 1 0 0 0 0 1 0 0 1 0 1 0 1 1 1 0 1 0 0 0 |
| 1 1 1 0 1 0 0 0 0 1 1 1 0 1 0 0 1 1 1 0 0 0 0 0 0 0 1 1 1 0 1 0 |
| 0 1 0 0 0 1 1 1 1 1 0 0 1 1 0 0 0 0 0 1 1 1 0 0 1 1 1 0 0 0 1 0 |
| 1 0 1 0 0 0 1 1 1 1 1 0 1 0 0 0 1 1 0 0 1 0 0 1 1 0 0 1 1 1 0 0 |
| 0 1 0 1 1 1 1 0 0 0 0 0 0 0 0 0 1 0 1 1 0 1 1 0 0 0 1 0 1 0 1 0 |
| 1 1 1 1 1 0 1 1 1 0 1 0 1 1 0 0 1 1 1 1 0 1 0 1 0 0 0 0 1 0 0 1 |
| 0 0 0 1 1 1 0 0 0 0 1 1 0 0 0 1 0 1 0 0 0 1 0 0 0 0 0 1 1 0 0 1 |
| 1 1 0 1 1 0 1 1 0 1 1 0 1 0 1 1 0 1 1 1 0 1 1 1 1 1 0 0 0 1 0 1 |
| 0 0 1 1 1 1 0 1 1 0 1 1 0 1 0 0 1 0 1 1 0 0 0 0 1 1 0 1 1 1 1 0 |
| 0 0 1                                                           |
- - - - - - - - - - - - - - - - - - - - - - - - - - - - - - - - - - 

Output Output 1: Finish processing IP packet eaafdb0b-ebee-4a30-b0ee-cf182fe959f5!
- - - - - - - - - - - - - - - - - - - - - - - - - - - - - - - - - - 
| SOURCE                          DESTINATION                     |
- - - - - - - - - - - - - - - - - - - - - - - - - - - - - - - - - - 
| 133.241.56.35                   10.167.129.149                  |
- - - - - - - - - - - - - - - - - - - - - - - - - - - - - - - - - - 
|                          PAYLOAD                                |
- - - - - - - - - - - - - - - - - - - - - - - - - - - - - - - - - - 
| 1 1 0 1 1 1 0 0 1 0 1 1 0 1 1 1 0 1 1 0 0 1 0 0 0 0 1 1 0 1 0 1 |
| 0 0 1 0 0 1 0 1 0 0 0 1 0 0 1 1 0 0 0 1 1 0 0 0 0 1 1 1 0 1 1 0 |
| 0 1 0 0 0 1 1 0 1 1 0 0 0 1 0 0 1 0 1 0 1 1 0 1 1 1 0 0 0 1 1 0 |
| 1 0 1 0 0 0 1 0 1 1 0 0 0 1 0 1 1 1 1 0 0 0 1 0 1 0 0 1 1 1 0 0 |
| 1 0 0 0 1 1 0 0 1 0 0 0 1 0 1 0 0 0 0 0 0 1 0 1 0 1 0 1 0 1 0 1 |
| 0 0 1 1 0 1 0 0 1 0 1 0 1 1 0 1 1 1 0 0 1 0 1 0 1 1 1 0 0 1 1 0 |
| 1 1 0 1 0 0 0 1 1 1 0 0 1 1 0 0 1 1 1 0 0 0 0 0 1 0 1 0 0 1 1 0 |
| 1 1 1 0 1 0 1 1 1 0 1 1 1 1 1 0 1 1 1 1 1 0 1 0 1 1 0 1 0 0 0 1 |
| 1 0 1 0 0 1 1 0 0 0 1 0 0 1 0 1 1 1 1 0 0 1 1 1 0 1 1 1 1 0 1 1 |
| 1 0 1 0 0 1 1 0 0 0 1 0 0 1 1 1 0 0 1 0 0 1 1 1 0 0 0 0 1 1 1 1 |
| 1 1 1 1 1 0 1 0 0 1 0 1 0 0 1 1 0 0 1 1 0 1 1 0 1 0 0 1 1 0 1 0 |
| 1 1 1 0 0 0 0 1 0 1 0 1 0 1 1 1 0 1 1 1 0 0 0 0 0 0 1 1 0 1 0 0 |
| 0 0 1 0 0 0 0 0 0 0 0 0 1 1 1 0 0 1 0 1 0 0 0 0 1 0 1 1 0 0 0 0 |
| 0 1 1 0 1 1 1 1 0 1 1 1 1 0 0 1 0 1 0 0 1 1 1 1 1 0 0 1 0 0 1 0 |
| 0 0 1 1 1 0 1 1 0 0 0 0 1 0 0 1 1 0 0 1 1 1 1 1 1 0 0 0 1 0 0 1 |
| 1 1 0 0 1 1 0 1 1 1 1 1 1 1 1 1 0 0 1 0 0 1 0 0 1 1 1 1 1 1 1 0 |
| 1 1 0 0 0 1 0 0 0 0 1 0 0 0 1 1 0 1 0 0 1 1 0 1 1 0 1 1 1 0 0 0 |
| 0 0 1 1 0 0 0 1 0 0 1 1 0 1 1 0 1 1 0 0 1 0 0 0 0 0 1 1 1 1 1 0 |
| 0 0 0 1 1 0 0 0 0 1 1 1 0 0 1 1 1 1 0 1 0 1 1 1 0 1 1 1 0 0 0 1 |
| 0 1 1 0 1 0 1 1 1 0 1 0 1 1 1 0 0 0 0 1 1 0 1 1 0 1 1 0 1 0 0 0 |
| 1 1 0 0 0 0 1 1 0 0 0 1 0 0 0 1 0 0 0 1 1 0 0 0 1 1 0 0 0 0 1 1 |
| 0 0 1 0 1 0 1 0 1 1 1 1 1 1 0 0 0 1 0 1 1 0 0 0 1 1 0 0 0 1 0 0 |
| 1 0 0 0 0 1 0 1 1 0 1 0 1 0 0 0 0 0                             |
- - - - - - - - - - - - - - - - - - - - - - - - - - - - - - - - - - 

Output Output 0: Finish processing IP packet 4979e239-36d5-443d-b22c-5244428badba!
- - - - - - - - - - - - - - - - - - - - - - - - - - - - - - - - - - 
| SOURCE                          DESTINATION                     |
- - - - - - - - - - - - - - - - - - - - - - - - - - - - - - - - - - 
| 147.70.29.136                   192.168.1.88                    |
- - - - - - - - - - - - - - - - - - - - - - - - - - - - - - - - - - 
|                          PAYLOAD                                |
- - - - - - - - - - - - - - - - - - - - - - - - - - - - - - - - - - 
| 1 0 0 1 1 1 1 0 1 1 0 1 0 0 0 1 1 1 1 1 1 0 0 0 1 0 1 0 1 1 1 0 |
| 1 1 0 0 1 0 0 0 1 1 1 0 1 1 0 0 0 0 0 0 0 0 1 1 0 1 1 1 1 1 1 1 |
| 1 0 0 0 0 1 0 0 1 0 0 1 1 0 1 0 0 0 0 0 0 0 0 1 1 0 0 1 1 1 1 0 |
| 0 0 0 0 0 0 1 0 0 0 1 1 0 1 0 1 1 1 1 0 0 0 0 1                 |
- - - - - - - - - - - - - - - - - - - - - - - - - - - - - - - - - - 

Output Output 0: Finish processing IP packet 45ffd32f-a661-4682-aa46-2ea85f891a34!
- - - - - - - - - - - - - - - - - - - - - - - - - - - - - - - - - - 
| SOURCE                          DESTINATION                     |
- - - - - - - - - - - - - - - - - - - - - - - - - - - - - - - - - - 
| 229.66.206.164                  192.168.1.139                   |
- - - - - - - - - - - - - - - - - - - - - - - - - - - - - - - - - - 
|                          PAYLOAD                                |
- - - - - - - - - - - - - - - - - - - - - - - - - - - - - - - - - - 
| 1 1 1 1 1 0 1 0 1 0 0 0 0 0 1 0 1 0 1 0 1 0 0 1 0 1 1 0 1 0 0 1 |
| 1 0 0 1 1 0 0 0 1 1 0 0 1 0 0 1 0 0 1 1 1 1 0 1 1 1 1 0 0 1 0 1 |
| 0 1 0 0 0 1 1 1 1 0 0 1 1 0 1 0 1 1 0 1 0 0 1 0 1 1 0 1 0 1 1 0 |
| 1 0 1 1 1 1 1 1 0 1 1 1 1 1 0 1 1 1 0 0 1 1 1 0 0 0 0 0 0 1 1 1 |
| 1 1 0 0 0 0 1 0 0 0 1 1 1                                       |
- - - - - - - - - - - - - - - - - - - - - - - - - - - - - - - - - - 

Output Output 2: Finish processing IP packet 83bb765d-e111-4bb5-b84e-de0bf7b11815!
- - - - - - - - - - - - - - - - - - - - - - - - - - - - - - - - - - 
| SOURCE                          DESTINATION                     |
- - - - - - - - - - - - - - - - - - - - - - - - - - - - - - - - - - 
| 185.80.246.173                  172.16.77.140                   |
- - - - - - - - - - - - - - - - - - - - - - - - - - - - - - - - - - 
|                          PAYLOAD                                |
- - - - - - - - - - - - - - - - - - - - - - - - - - - - - - - - - - 
| 0 0 0 0 0 1 1 1 1 0 1 0 0 1 1 0 0 1 0 0 1 1 1 1 0 1 0 0 1 0 0 0 |
| 1 1 1 1 0 0 1 1 0 0 1 0 1 0 0 1 1 1 0 0 0 0 0 0 1 1 0 0 0 1 0 0 |
| 0 1 0 0 0 0 0 1 0 1 1 0 1 1 1 0 1 0 1 1 1 0 1 1 0 0 0 1 0 0 1 0 |
| 0 0 0 0 0 0 1 1 0 1 0 1 0 1 1 1 0 1 1 1 0 0 0 0 0 0 0 0 0 1 1 1 |
| 1 0 1 0 0 0 0 1 0 1 0 1 1 0 0 1 0 0 0 0 0 0 0 0 1 0 0 0 0 1 0 0 |
| 1 0 0 1 1 1 0 0 0 1 1 1 1 1 1 1 0 0 1 1 0 1 1 0 0 1 0 1 0 1 1 1 |
| 1 1 1 0 0 1 1 0 0 1 1 0 1 0 1 0 0 1 0 0 0 0 1 1 1 1 1 1 0 1 0 0 |
| 0 0 0 0 1 0 0 0 1 0 0 0 0 1 0 0 1 0 0 0 1 1 0 0 0 0 0 1 1 0 0 0 |
| 1 0 1 0 1 1 1 0 0 1 1 0 0 0 0 1 0 1 1 0 1 1 1 1 0 0 0 1 0 0 1 0 |
| 0 1 0 0 1 0 1 0 0 1 0 0 1 0 0 1 1 1 1 0 0 1 1 1 1 1 0 0 0 1 1 1 |
| 1 1 0 1 0 1 1 1 0 1 0 1 1 0 1 0 0 1 0 1 1 1 0 1 0 0 0 0 0 0 0 1 |
| 0 0 0 0 1 1 1 0 1 0 0 0 1 0 1 0 1 0 0 1 1 0 0 1 0 1 0 0 1 1 0 0 |
| 0 0 0 0 1 1 1 1 1 0 0 0 0 1 1 1 0 0 0 1 0 1 1 1 0 0 0 1 1 0 0 1 |
| 0 0 1 1 1 1 1 0 0 1 1 1 1 1 0 1 1 0 1 0 0 1 1 0 1 1 1 1 1 1 1 1 |
| 1 0 0 0 1 1 0 0 1 0 0 1 1 0 0 0 0 1 1 0 1 1 1 0 1 1 1 1 1 0 0 1 |
| 0 0 1 0 1                                                       |
- - - - - - - - - - - - - - - - - - - - - - - - - - - - - - - - - - 

Output Output 1: Finish processing IP packet 6460668d-d030-4150-b109-e1b12b209f1a!
- - - - - - - - - - - - - - - - - - - - - - - - - - - - - - - - - - 
| SOURCE                          DESTINATION                     |
- - - - - - - - - - - - - - - - - - - - - - - - - - - - - - - - - - 
| 155.30.254.33                   10.239.11.135                   |
- - - - - - - - - - - - - - - - - - - - - - - - - - - - - - - - - - 
|                          PAYLOAD                                |
- - - - - - - - - - - - - - - - - - - - - - - - - - - - - - - - - - 
| 1 0 0 0 0 1 0 1 0 0 0 1 0 1 0 0 1 0 0 0 0 1 0 1 0 0 1 0 0 1 0 1 |
| 0 0 0 0 1 0 1 1 1 1 0 1 0 1 0 0 0 0 0 1 0 1 1 0 1 1 0 0 0 1 0 1 |
| 1 0 1 1 0 0 1 1 1 0 0 1 0 1 0 1 0 0 1 0 1 0 1 1 0 1 0 0 0 1 0 0 |
| 1 1 1 1 0 1 1 1 0 1 0 1 0 1 1 1 1 1 0 1 0 0 1 1 0 1 0 0 0 0 1 1 |
| 0 0 0 0 1 0 0 1 0 0 1 0 0 0 1 0 0 1 1 1 0 0 1 1 0 1 1 0 0 1 0 0 |
| 1 1 0 1 1 1 1 1 0 1 0 1 1 1 0 1 0 1 0 1 1 0 1 0 0 1 1 0 1 1 0 0 |
| 1 0 1 1 1 0 0 1 1 1 0 1 1 1 0 1 1 0 0 0 1 0 0 1 1 0 0 0 0 0 1 1 |
| 0 1 1 1 0 0 1 0 1 0 1 0 0 1 0 0 1 1 1 0 1 0 0 0 1 1 1 0 1 0 1 0 |
| 1 1 1 1 0 1 0 0 0 0 1 1 1 1 1 1 0 0 1 0 0 0 0 1 0 0 0 1 1 1 0 1 |
| 0 0 0 1 0 1 0 0 0 0 0 0 0 0 0 1 1 1 0 0 1 1 1 0 0 1 0 0 1 1 0 0 |
| 0 1 0 0 1 0 0 1 0 0 1 0 1 1 0 0 0 0 1 0 1 0 0 0 0 0 0 1 0 1 0 1 |
| 0 0 0 0 1 0 1 0 1 0 0 1 1 1 0 1 1 1 0 1 1 1 0 1 0 0 0 1 0 0 0 0 |
| 1 1 1 1 1 0 1 1 1 0 1 1 0 0 0 0 0 0 1 1 1 1 1 0 0 0 1 1 0 1 1 1 |
| 0 1 1 1 0 1 1 1 0 0 1 1 0 0 1 0 1 0 1 0 0 0 1 1 0 0 0 0 0 1 0 1 |
| 0 0 0 0 0 0 0 0 0 0 1 0 1 1 0 0 0 1 0 0 1 0 1 0 0 1 0 0 0 1 0 1 |
| 1 0 1 1 0 1 0 0 1 1 1 1 0 1 1 1 0 1 0 1 1 0 0 0 1 1 1 1 0 1 0 0 |
| 0 1 0 1 0 1 0 1 1 1 1 1 1 0 1 0 1 1 1 1 1 1 1 1 0 0 1 1 1 0 0 1 |
| 0 1 1 0 1 1 0 1 1 1 1 0 0 0 1 1 1 1 1 1 1 0 1 1 1 0 0 0 1 0 1 0 |
| 1 1 1 1 1 0 1 1 1 0 1 1 1 1 0 0 0 0 0 0 0 0 1 1 1 1 1 0 0 1 1 1 |
| 1 0 0 1 1 1 1 1 0 1 0 0 1 1                                     |
- - - - - - - - - - - - - - - - - - - - - - - - - - - - - - - - - - 

Output Output 2: Finish processing IP packet 3051bb3a-1f78-4824-af2e-3d0ad8a0aac5!
- - - - - - - - - - - - - - - - - - - - - - - - - - - - - - - - - - 
| SOURCE                          DESTINATION                     |
- - - - - - - - - - - - - - - - - - - - - - - - - - - - - - - - - - 
| 111.199.212.69                  172.16.118.90                   |
- - - - - - - - - - - - - - - - - - - - - - - - - - - - - - - - - - 
|                          PAYLOAD                                |
- - - - - - - - - - - - - - - - - - - - - - - - - - - - - - - - - - 
| 1 1 1 1 0 1 1 0 0 1 1 0 0 0 0 1 1 1 0 1 1 1 1 1 1 0 0 1 0 1 1 0 |
| 1 1 0 1 1 1 1 1 0 1 1 0 1 1 1 0 0 0 1 0 1 1 0 1 0 1 0 0 1 0 1 1 |
| 1 1 1 1 0 0 1 0 0 1 1 1 1 1 0 1 0 0 0 1 0 1 1 1 1 1 0 1 1 1 1 0 |
| 0 0 0 0 1 1 1 1 0 0 1 0 0 1 0 1 1 0 1 0 0 0 1 0 0 1 0 0 0 1 1 1 |
| 1 1 0 0 1 1 1 0 1 0 1 1 1 0 1 0 1 1 1 0 1 1 1 0 1 1 0 0 1 0 0 0 |
| 0 0 1 0 1 1 1 1 1 1 1 1 0 1 1 1 1 0 1 1 0 1 1 0 1 0 1 1 0 1 1 0 |
| 1 1 0 0 0 0 0 1 0 0 0 1 1 0 0 0 0 0 0 1 0 1 1 0 1 1 1 0 0 1 0 1 |
| 1 1 1 1 0 1 0 0 0 1 0 0 1 1 1 1 0 1 1 1 0 1 0 0 1 0 0 1 1 1 1 0 |
| 1 0 1 1 1 1 1 1 1 0 1 1 1 0 1 0 1 0 0 0 1 0 1 0 0 0 1 1 0 1 0 1 |
| 1 0 1 1 1 0 1 1 0 1 1 1 0 0 1 1 0 1 0 1 1 0 0 1 1 1 1 1 0 1 0 0 |
| 1 1 0 0 1 1 1 0 0 0 0 1 0 0 1 0 0 1 1 1 1 0 0 1 0 1 1 1 0 1 1 0 |
| 1 1 0 1 0 0 1 0 0 1 0 1 0 0 1 0 1 0 1 0 0 0 1 1 0 1 1 0 1 0 1 0 |
| 1 0 0 0 1 1 0 0 0 0 0 0 0 1 0 1 0 0 1 1 1 1 0 1 0 0 0 1 0 0 0 0 |
| 1 1 1 0 1 0 0 1 1 0 0 1 0 0 0 1 0 0 0 0 0 1 0 0 1 0 1 0 0 0 0 1 |
| 0 0 0 1 1 1 1 1 0 0 0 1 1 0 0 0 0 0 1 0 1 1 0 0 0 0 1 1 0 1 0 0 |
| 1 0 1 0 1 0 0 1 1 0 1 0 1 1 1 1 0 0 1 0 0 1 1 1 0 0 0 0 0 0 1 0 |
| 1 0 1 0 1 0 0 0 0 0 1 0 0 1 1 1 1 1 0 1 0 1 1 0 1 1 0 1 1 0 1 0 |
| 1 0 0 0 1 0 0 0 0 1 1 0 0 0 1 1 1 0 0 1 1 0 0 0 1 1 1 0 1 0 0 0 |
| 1 1 1 0 0 0 1 1 1 0 1 1 1 0 1 0 1 1 0 1 1 0 0 1 1 1 1 0 0 1 0 0 |
| 1 0 1 1 0 1 0 1 0 0 0 1 1 0 0 1 0 1 1 1 1 0 1 1 0 1 1 1 0 1 0 1 |
| 1 1 0 0 0 1 1 1 1 0 0 1 1 0 0 1 1 0 1 0 1 0 0 0 1 0 0 1 1 0 1 1 |
| 0 0 0 1 1 1 0 0 0 0 1 1 0 0 1 0 0 0 0 0 1 0 0 1 0 0 0 1 0 0 0 0 |
| 0 1 1 0 1 1 1 1 1 0 1 1 1 0 1 1 1 0 1 1 0 0 0 1 0 0 1 1 1 1 1 0 |
| 1 0 0 1 0 0 1 1 1 1 0 1 0 1 1 1 0 1 1 0 0 0 1 0 1 0 0 1 0 0 0 1 |
| 0 0 1 1 1 0 1 1 1 1 0 1 0 0 0 0 0 0 0 1 1 1 0 1 0 1 1 0 1 0 0 1 |
| 1 0 1 0 0 1 0 1 0 0 1 0 1 1 0 0 1 0 1 1 0 1 1 1 0 0 0 1 1 0 1 1 |
| 0 1 1 1 1 1 1 1 0 1 1 0 0 1 1 1 0 1 1 0 1 1 1 0 1 1 1 0 0 0 0 0 |
| 1 1 1 1 0 1 1 0 0 1 0 0 0 0 0 1 1 0 0 1 0 1 0 0 1 1 1 1 1 0 1 1 |
| 0 1 0 1 0 1 0 0 1 0 0 0 1 1 0 1 0 0 0 1 1 1 1 1 1 1 0 0 0 1 0 1 |
| 1 1 1 0 0 0 0 0 1 1 0 1 0 0 1 1 1 0 0 0 1 0 1 1 0 1 0 0 1 0 1 0 |
| 0 0 0 1 1 1 1 0 0 1 1 1 0 0 0 1 0 0 0 1 1 1 1 1 1 0 0 1 0 1 1 0 |
| 1 0 0 0 0 1 0 0 1 1 1 1 0 1 0 1 0 0 0 0                         |
- - - - - - - - - - - - - - - - - - - - - - - - - - - - - - - - - - 

Output Output 0: Finish processing IP packet bc0610b1-0ea9-4517-832c-3cb860286bb5!
- - - - - - - - - - - - - - - - - - - - - - - - - - - - - - - - - - 
| SOURCE                          DESTINATION                     |
- - - - - - - - - - - - - - - - - - - - - - - - - - - - - - - - - - 
| 160.102.96.161                  192.168.1.127                   |
- - - - - - - - - - - - - - - - - - - - - - - - - - - - - - - - - - 
|                          PAYLOAD                                |
- - - - - - - - - - - - - - - - - - - - - - - - - - - - - - - - - - 
| 1 1 0 1 1 1 1 1 1 1 0 1 0 0 0 1 1 1 0 1 0 0 0 1 0 1 1 1 1 1 0 0 |
| 1 0 0 0 0 0 1 0 0 1 1 1 1 0 1 0 0 0 1 0 1 1 0 0 1 1 1 0 0 1 1 0 |
| 1 0 0 0 1 0 1 1 1 1 1 1 0 0 1 0 0 0 0 1 0 1 1 1 1 0 1 0 0 1 1 1 |
| 1 1 0 1 1 0 1 0 1 1 0 0 0 1 1 0 0 0 0 0 0 0 0 1 0 1 1 0 1 0 0 0 |
| 1 0 1 1 1 1 1 0 0 0 1 0 0 1 0 1 0 1                             |
- - - - - - - - - - - - - - - - - - - - - - - - - - - - - - - - - - 

Output Output 1: Finish processing IP packet df59bdad-5512-472d-a127-3e3c774a7847!
- - - - - - - - - - - - - - - - - - - - - - - - - - - - - - - - - - 
| SOURCE                          DESTINATION                     |
- - - - - - - - - - - - - - - - - - - - - - - - - - - - - - - - - - 
| 125.1.129.173                   172.16.213.110                  |
- - - - - - - - - - - - - - - - - - - - - - - - - - - - - - - - - - 
|                          PAYLOAD                                |
- - - - - - - - - - - - - - - - - - - - - - - - - - - - - - - - - - 
| 0 0 1 1 1 0 0 1 0 0 0 1 1 0 0 1 1 1 1 1 0 0 0 0 1 1 0 0 0 1 1 0 |
| 0 0 0 0 1 1 0 1 0 1 0 0 0 0 0 0 1 0 0 0 0 0 0 0 1 1 0 0 1 1 1 0 |
| 0 1 0 1 0 1 1 1 0 0 0 1 0 1 1 1 1 0 0 0 1 0 1 1 0 1 0 0 1 0 0 1 |
| 1 1 1 1 0 1 0 1 0 0 0 0 1 1 1 1 1 0 1 0 0 1 1 1 0 0 0 0 0 0 1 1 |
| 0 1 1 1 0 1 0 1 1 0 0 1 1 0 0 1 1 1 0 0 1 0 1 0 1 0 0 0 0 1 1 1 |
| 0 0 1 1 1 1 1 0 0 1 1 0 1 1 1 1 0 1 1 0 0 0 0 1 0 1 0 0 0 0 0 1 |
| 0 1 1 0 1 0 1 0 1 0 0 1 1 1 1 1 0 1 1 0 1 0 1 1 1 1 1 0 1 0 0 1 |
| 1 0 1 1 0 1 1 0 1 1 1 0 1 1 0 1 0 0 1 1 0 0 0 1 1 0 1 0 0 1 1 1 |
| 1 0 1 0 0 1 1 0 1 0 1 1 1 1 0 0 1 0 0 0 1 1 0 0 1 1 0 0 1 0 0 0 |
| 0 1 0 1 0 1 1 0 0 1 1 1 0 0 0 0 1 0 0 0 1 0 0 1 1 0 0 0 0 1 1 1 |
| 0 1 1 1 0 0 1 0 1 0 0 1 0 1 1 0 1 0 1 1 0 1 1 0 0 1 0 1 0 1 1 1 |
| 1 0 1 1 0 0 0 1 1 0 0 1 0 1 0 0 1 1 1 0 1 1 0 1 1 0 0 1 0 1 1 0 |
| 1 1 1 0 0 0 0 1 0 0 0 0 0 1 0 1 1 1 0 0 0 0 1 1 0 0 0 1 1 1 0 1 |
| 0 0 1 0 0 1 1 0 0 0 0 1 1 0 0 1 1 1 1 0 1 1 1 1 0 1 1 0 1 1 0 1 |
| 1 1 0 0 1 0 0 0 1 1 1 0 1 1 0 0 0 1 1 1 1 0 0 1 0 1 0 1 0 0 0 1 |
| 1 1 1 0 1 1 0 0 0 0 1 1 0 0 0 1 1 1 1 0 1 1 1 0 0 1 0 1 1 0 0 1 |
| 1 1 1 0 1 1 1 0 1 0 0 1 1 0 0 1 1 0 0 0 1 0 0 1 0 1 0 0 0 0 0 1 |
| 0 1 0 0 1 1 1 0 1 0 0 1 1 0 1 1 1 0 1 1 1 1 1 1 1 0 1 0 1 1 1 0 |
| 1 1 0 0 1 0 0 1 1 1 0 0 0 1 0 0 1 1 0 1 1 0 0 0 0 0 1 0 0 1 0 1 |
| 0 0 0 0 1 0 1 1 1 0 1 0 1 1 0 1 0 1 0 1 0 0 1 1 0 0 1 1 1 1 1 1 |
| 0 1 1 1 1 1 1 0 0 0 1 0 0 1 0 1 0 1 0 0 0 0 0 0 0 0 1 0 1 0 0 0 |
| 1 1 0 1 0 0 1 0 0 1 0 0 1 1 1 1 0 0 0 1 0 0 0 1 1 1 0 1 0 1 1 1 |
| 1 0 0 0 1 0 0 1 1 0 0 1 0 1 1 1 1 0 1 0 1 1 1 0 0 0 1 0 0 0 0 0 |
| 0 0 0 0 1 1 1 1 0 0 1 1 0 1 1 1 0 0 0 1 0 0 1 1 1 1 1 1 0 1 0 0 |
| 1 1 1 1 1 0 0 1 1 1 0 0 1 0 1 1 1 1 1 1 0 1 0 1 0 0 0 0 0 1 1 0 |
- - - - - - - - - - - - - - - - - - - - - - - - - - - - - - - - - - 

Output Output 1: Finish processing IP packet f894e2d1-4aeb-45e6-b301-46fa3e434f2b!
- - - - - - - - - - - - - - - - - - - - - - - - - - - - - - - - - - 
| SOURCE                          DESTINATION                     |
- - - - - - - - - - - - - - - - - - - - - - - - - - - - - - - - - - 
| 238.221.3.176                   10.97.11.100                    |
- - - - - - - - - - - - - - - - - - - - - - - - - - - - - - - - - - 
|                          PAYLOAD                                |
- - - - - - - - - - - - - - - - - - - - - - - - - - - - - - - - - - 
| 1 0 1 1 1 0 0 0 1 0 0 0 0 1 0 1 1 1 1 1 1 1 0 1 1 1 1 0 1 1 1 1 |
| 1 0 1 0 1 0 0 1 1 1 0 1 0 0 1 1 0 1 0 0 1 1 0 1 0 0 0 1 0 1 0 1 |
| 0 0 1 1 1 1 1 1 1 1 0 0 0 1 0 1 1 0 0 1 0 0 0 1 1 1 0 0 1 1 0 1 |
| 1 0 1 1 0 1 0 1 0 0 0 1 1 0 1 0 0 0 1 1 0 1 0 0 0 1 0 0 0 1 0 0 |
| 0 0 0 1 1 0 0 0 1 1 1 0 1 0 0 1 1 0 0 1 0 0 0 1 0 1 0 1 0 0 0 0 |
| 1 1 1 0 1 1 0 1 1 0 0 0 1 1 1 0 1 1 0 0 1 1 0 0 1 1 0 0 0 1 1 0 |
| 1 0 1 0 1 0 0 0 0 1 0 0 1 1 1 1 1 1 0 0 1 0 1 1 0 0 1 0 0 1 0   |
- - - - - - - - - - - - - - - - - - - - - - - - - - - - - - - - - - 

Output Output 1: Finish processing IP packet 62da0796-b72c-466d-92e6-037add3133f0!
- - - - - - - - - - - - - - - - - - - - - - - - - - - - - - - - - - 
| SOURCE                          DESTINATION                     |
- - - - - - - - - - - - - - - - - - - - - - - - - - - - - - - - - - 
| 149.244.196.112                 10.139.16.93                    |
- - - - - - - - - - - - - - - - - - - - - - - - - - - - - - - - - - 
|                          PAYLOAD                                |
- - - - - - - - - - - - - - - - - - - - - - - - - - - - - - - - - - 
| 1 0 1 1 0 1 0 1 0 1 0 1 1 0 0 0 0 1 0 1 1 0 1 1 0 0 0 0 1 0 0 1 |
| 0 1 1 1 0 0 1 0 1 0 0 1 0 1 0 0 0 1 1 1 0 1 1 0 0 1 0 1 0 1 0 1 |
| 1 0 1 1 1 0 0 1 1 0 1 0 1 0 1 0 0 1 0 0 1 0 0 0 0 0 1 0 1 0 0 0 |
| 0 1 0 0 0 1 1 1 1 0 0 1 0 1 0 0 1 0 0 0 0 0 0 1 1 1 1 0 0 1 1 0 |
| 1 1 1 0 1 1 1 1 0 0 1 1 0 0 1 0 1 0 1 1 1 1 1 1 1 0 1 1 1 0 0 1 |
| 0 1 0 1 0 1 1 1 0 1 1 0 1 0 0 1 0 1 1 1 0 0 1 1 0 1 0 1 1 1 1 1 |
| 1 1 1 0 1 0 1 1 1 0 1 1 1 1 1 1 0 1 0 1 0 1 1 1 1 1 1 1 0 0 1 1 |
| 1 1 1 0 1 0 1 1 1 1 0 0 0 1 0 1 1 1 0 0 1 0 1 1 0 0 1 0 1 0 0 1 |
| 1 0 1 1 0 1 1 0 1 1 1 1 1 1 0 0 0 1 1 1 1 0 1 0 0 0 0 0 1 0 0 1 |
| 1 1 0 1 0 1 0 0 0 1 1 1 0 0 0 0 0 1 1 0 1 0 1 1 0 1 1 1 0 1 1 0 |
| 1 0 0 0 1 0 0 0 1 0 1 0 0 1 1 0 1 0 0 1 0 1 1 0 0 0 0 1 0 0 1 1 |
| 1 0 1 1 1 0 0 1 1 0 1 1 1 0 1 1 1 0 0 1 0 0 0 1 1 1 0 0 1 0 0 1 |
| 0 1 1 1 1 0 1 0 0 0 0 0 1 0 1 1 0 0 0 0 0 1 0 1 0 0 1 0 1 1 0 0 |
| 1 1 0 1 1 0 0 0 0 0 1 0 1 1 0 1 1 0 0 0 1 0 0 1 1 1 0 0 0 0 1 1 |
| 1 1 0 0 1 1 1 0 0 1 0 0 1 1 1 0 1 0 0 1 0 1 0 1 1 0 1 1 1 0 1 1 |
| 1 0 1 1 0 0 1 0 0 0 1 0 1 1 1 0 0 1 0 1 0 1 0 1 1 0 1 0 1 0 0 0 |
| 0 1 0 0 0 1 0 1 1 1 0 1 0 1 0 0 0 1 0 0 1 1 0 0 1 1 1 1 1 0 0 1 |
| 0 1 0 0 1 0 1 0 1 0 1 1 0 0 0 1 1 1 1 0 1 0 1 1 1 0 1 1 0 0 1 0 |
| 1 0 1 0 1 0 0 0 0 1 1 0 1 0 0 1 1 1 1 1 1 1 0 1 1 0 1 0 0 1 1 0 |
| 0 0 1 0 0 1 1 1 1 1 1 0 1 1 1 0 0 0 0 0 1 0 1 0 1 0 1 1 0 0 0 1 |
| 0 1 1 0 0 1 1 0 0 0 0 1 0 1 1 1 1 0 0 0 0 1 0 0 1 0 0 1 1 1 0 1 |
| 1 0 1 0 0 1 1 1 0 1 1 1 0 1 0 0 1 1 0 1 0 1 1 0 0 1 0 0 1 1 1 0 |
| 0 1 1 0 0 0 0 1 0 1 1 0 0 1 0 0 1 1 0 0 0 0 0 1 1 0 1 0 1       |
- - - - - - - - - - - - - - - - - - - - - - - - - - - - - - - - - - 

Output Output 1: Finish processing IP packet 4b396b8c-9fcb-4d54-98d7-a7661638d035!
- - - - - - - - - - - - - - - - - - - - - - - - - - - - - - - - - - 
| SOURCE                          DESTINATION                     |
- - - - - - - - - - - - - - - - - - - - - - - - - - - - - - - - - - 
| 196.166.82.207                  10.159.99.86                    |
- - - - - - - - - - - - - - - - - - - - - - - - - - - - - - - - - - 
|                          PAYLOAD                                |
- - - - - - - - - - - - - - - - - - - - - - - - - - - - - - - - - - 
| 0 0 0 0 0 1 0 0 0 0 0 0 1 0 0 0 0 1 1 1 1 1 1 0 1 0 1 1 1 0 0 1 |
| 1 0 1 1 1 1 0 0 1 0 0 1 0 0 0 0 1 1 0 0 0 1 1 1 1 1 0 1 1 1 0 1 |
| 0 1 0 1 1 1 1 0 0 0 1 1 1 1 0 1 0 1 1 1 1 0 0 1 1 0 1 0 0 1 1 1 |
| 1 1 0 0 0 0 1 1 1 0 1 1 0 0 0 1 0 1 0 0 1 1 1 0 0 0 1 1 1 1 1 0 |
| 1 1 0 1 1 0 1 0 0 1 0 1 1 1 1 1 0 0 1 0 0 0 1 1 0 1 1 1 1 1 0 0 |
| 1 1 1 1 0 0 1 0 0 1 0 1 0 1 0 1 1 0 1 1 0 1 1 0 1 0 1 1 0 0 0 0 |
| 1 1 0 0 1 0 1 0 1 0 1 0 0 0 0 0 1 0 1 1 1 0 1 1 1 1 1 0 1 0 0 0 |
| 1 1 1 1 1 0 0 1 0 1 0 1 1 0 1 1 1 0 0 0 0 0 0 0 1 0 0 0 1 0 0 1 |
| 0 0 1 0 1 1 0 1 1 1 0 1 1 1 0 0 0 1 0 0 1 1 0 0 0 0 0 1 1 1 1 0 |
| 0 1 0 1 0 1 0 0 1 0 1 0 0 0 0 1 0 1 1 1 0 0 1 0 1 1 0 0 1 1 1 1 |
| 1 1 0 0 1 1 0 0 1 1 1 1 1 0 1 1 1 1 0 1 0 0 0 1 0 1 1 0 0 1 1 1 |
| 1 1 1 1 1 1 1 1 1 0 1 0 1 0 0 0 0 0 1 0 0 1 0 1 1 0 1 0 0 1 1 1 |
| 0 0 1 1 0 1 0 0 1 0 1 0 0 1 0 1 1 1 0 0 1 0 1 1 1 0 1 1 0 0 1 0 |
| 1 1 0 1 1 1 0 1 0 1 1 0 0 1 0 1 1 1 1 0 1 1 1 1 0 0 0 0 0 0 1 1 |
| 1 1 0 1 1 0 1 1 1 0 1 1 0 0 1 0 0 1 0 1 1 1 1 0 0 1 0 0 1 0 1 0 |
| 0 0 1 1 0 1 1 1 0 1 0 1 1 0 0 0 1 1 0 0 0 0 0 1 0 1 1 1 1 1 1 0 |
| 1 1 0 1 0 1 1 0 1 1 1 0 0 0 1 0 0 1 1 1 0 0 0 1 0 0 1 1 0 1 1 1 |
| 1 0 0 1 0 1 0 0 0 0 1 0 1 1 1 1 0 1 0 1 0 0 0 1 1 0 1 0 0 0 1 0 |
| 1 1 1 0 0 1 0 0 0 1 0 0 1 1 0 1 0 1 1 0 1 0 1 1 1 0 1 0 1 1 1 1 |
| 1 1 0 1 1 1 1 1 0 0 1 1 1 0 0 1 0 1 1 1 1 1 0 0 1 1 1 0 1 1 0 0 |
| 1 1 1 1 0 1 1 0 0 0 0 1 0 1 0 1 0 1 0 1 1 1 1 0 1 1 0 0 1 0 1 0 |
| 0 0 0 0 1 0 0 0 1 0 1 1 0 1 1 0 0 1 1 0 1 0 1 1 0 0 1 0 0 0 1 0 |
| 1 1 0 1 1 1 0 1 0 0 1 1 1 1 0 1 0 0 0 0 0 1 0 1 0 0 1 1 0 1 1 1 |
| 0 1 0 1 1 1 1 0 1 0 1 1 0 1 1 0 0 0 0 0 1 1 0 0 1 1 1 0 1 1 1 1 |
| 1 1 0 1 1 0 0 0 0 0 1 0 1 0 0 0 0 1 0 1 1 0 1 1 0 0 0 0 0 1 0 1 |
| 0 1 1 1 1 1 1 0 1 1 0 1 0 1 1 1 0 1 0 1 0 1 1 1 0 1 0 1 0 0 0 1 |
| 0 1 1 1 1 0 0 0 0 0 1 0 1 1 1 1 1 0 0 0 1 0 1 1 0 1 0 0 1 0 1 1 |
| 1                                                               |
- - - - - - - - - - - - - - - - - - - - - - - - - - - - - - - - - - 

Output Output 0: Finish processing IP packet 30787ce9-2db1-4361-84e4-a0ffe9097aaf!
- - - - - - - - - - - - - - - - - - - - - - - - - - - - - - - - - - 
| SOURCE                          DESTINATION                     |
- - - - - - - - - - - - - - - - - - - - - - - - - - - - - - - - - - 
| 192.92.220.57                   192.168.1.65                    |
- - - - - - - - - - - - - - - - - - - - - - - - - - - - - - - - - - 
|                          PAYLOAD                                |
- - - - - - - - - - - - - - - - - - - - - - - - - - - - - - - - - - 
| 1 0 1 0 0 0 1 1 0 1 1 1 1 1 0 1 0 0 1 0 1 0 0 0 1 0 1 0 0 1 0 0 |
| 1 1 0 0 1 1 0 0 0 1 0 1 1 0 1 1 0 0 0 1 0 0 0 1 1 1 1 0 0 1 1 1 |
| 1 1 1 1 0 1 0 1 0 1 0 0 0 0 1 0 1 0 1 0 0 0 1 1 0 1 0 0 0 1 1 0 |
| 0 0 1 0 1 0 1 0 1 0 1 1 0 0 1 0 1 1 0 0 0 0 1 0 1 1 0 1 0 0 1 0 |
| 1 1 1 1 0 1 1 0 1 0 1 0 0 1 0 1 0 0 0 0 1 1 0 1 1 0 0 1 1 1 0 0 |
| 0 1 1 1 1 0 0 0 0 0 1 1 1 0 1 0 0 1 0 0 1 0 1 1 0 0 1 0 1 1 0 0 |
| 1 1 1 1 1 0 0 0 0 0 1 0 1 0 0 0 0 0 0 1 1 0 1 0 1 0 0 1 1 0 1 1 |
| 0 1 1 1 0 1 1 0 1 1 1 1 1 1 0 1 1 1 1 0 1 1 0 1 0 0 0 1 1 1 0 1 |
| 0 1 0 0 0 0 1 1 0 0 0 1 1 0 0 0 1 1 1 0 1 0 0 1 0 0 1 0 1 1 1 1 |
| 0 1 0 1 1 1 1 1 1 1 1 0 0 1 0 1 1 0 1 1 1 0 0 0 0 1 0 0 0 0 1 1 |
| 0 1 1 0 0 1 1 1 1 0 0 1 1 0 1 1 0 1 1 1 1 1 1 1 1 0 0 1 0 1 1 1 |
| 0 0 0 0 1 1 1 1 0 1 1 1 0 0 1 0 0 0 1 0 0 0 1 1 1 0 1 1 1 0 0 1 |
| 1 1 0 0 1 0 1 0 1 1 0 1 0 0 0 0 1 1 0 1 1 0 0 1 1 1 1 1 1 0 1 0 |
| 1 1 0 1 1 0 0 1 0 0 0 1 1 0 1 0 1 0 0 0 0 0 1 1 0 0 1 1 0 0 1 0 |
| 1 1 0 0 0 0 0 0 1 1 1 1 1 1 1 0 1 0 1 1 0 0 1 1 0 1 0 1 0 1 1 0 |
| 0 1 1 0 0 0 1 1 0 0 0 1 0 1 0 0 1 1 1 1 1 1 0 0 0 0 0 1 1 1 0 1 |
| 0 1 1 0 1 0 1 0 1 1 1 1 0 1 0 1 1 1 0 0 1 0 1 1 1 1 1 1 0 0 0 1 |
| 1 0 0 0 1 1 0 1 1 0 1 1 0 0 0 0 0 1 0 0 0 1 1 1 1 1 0 0 0 1 1 0 |
| 1 1 1 1 1 1 0 0 1 1 0 1 0 0 0 0 0 0 0 1 1 1 1 0 1 0 0 1 0 0 1 0 |
| 0 1 0 1 0 1 0 0 0 0 1 0 0 1 0 1 0 0 0 1 1 0 0 1 1 0 0 1 1 0 1 0 |
| 0 0 1 1 0 0 1 0 0 1 1 1 0 0 0 1 1 1 0 0 0 1 0 1 0 1 0 1 1 0 0 1 |
| 1 1 1 0 0 0 0 0 1 1 0 1 1 1 1 0 1 1 0 1 0 1 0 0 0 1 0 0 1 0 0 1 |
| 1 1 0 1 0 1 1 1 1 0 0 1 1 0 0 1 0 1 0 0 0 0 0 1 1 0 1 1 1 1 1 1 |
| 1 0 0 0 0 0 0 1 0 1 0 0 1 0 0 0 0 0 1 0 0 0 0 1 1 1 1 1 1 1 1 0 |
| 1 0 0 0 1 0 1 1 0 0 1 0 1 0 0 1 0 0 1 0 1 1 1 0 0 0 0 0 0 1 1 0 |
| 1 0 0 1 0 0 1 0 1 1 1 1 1 0 1 1 0 1 1 0 1 0 0 1 0 1 0 1 0 1 1 0 |
| 0 1 0 0 0 0 0 1 1 1 1 1 1 1 0 0 0 1 0 1 0 1 0 0 1 1 0 1 0 0 1 1 |
| 0 1 0 1 1 0 1 1 0 1 0 1 0 1 0 1 1 0 1 0 1 0 1 0 0 1 0 0 0 0 1 0 |
| 1 0 0 0 0 1 0 0 1 1 0 1 1 1 0 0 1 1 1 1 0 0 1 0 0 0 0 0 0 0 0 0 |
| 1 1 1 1 0 0 0 0 0 1 0 1 0 1 0 0 0 0 1 0 0 0 1 0 1 1 1 1 0 1 1 0 |
| 1 0 0 1                                                         |
- - - - - - - - - - - - - - - - - - - - - - - - - - - - - - - - - - 

Output Output 1: Finish processing IP packet 09524dfd-d360-49cb-819d-5823c7785883!
- - - - - - - - - - - - - - - - - - - - - - - - - - - - - - - - - - 
| SOURCE                          DESTINATION                     |
- - - - - - - - - - - - - - - - - - - - - - - - - - - - - - - - - - 
| 132.160.5.46                    10.6.79.113                     |
- - - - - - - - - - - - - - - - - - - - - - - - - - - - - - - - - - 
|                          PAYLOAD                                |
- - - - - - - - - - - - - - - - - - - - - - - - - - - - - - - - - - 
| 0 1 0 1 1 0 0 1 0 1 1 0 0 1 0 0 0 1 0 1 1 0 1 1 0 0 0 0 0 0 0 1 |
| 1 1 1 1 1 1 1 0 0 0 0 0 0 0 1 0 1 0 0 1 1 1 0 0 1 1 1 0 0 0 0 0 |
| 1 1 1 1 0 1 1 1 1 1 1 0 1 0 0 1 0 1 0 0 0 0 0 0 0 1 0 1 1 0 0 1 |
| 1 1 1 1 0 1 0 1 0 0 0 0 1 1 0 0 0 0 0 1 1 1 0 1 1 0 1 0 1 0 1 0 |
| 0 0 1 0 1 0 0 1 1 0 0 1 0 1 0 0 1 0 1 0 0 1 1 0 0 0 1 0 1 1 0 0 |
| 1 1 1 0 0 1 1 0 1 1 0 1 1 1 0 1 0 0 1 1 1 0 0 0 1 1 0 1 1 1 0 0 |
| 1 0 0 0 0 0 1 0 1 0 1 1 0 0 0 0 1 1 0 0 1 1 1 1 1 1 1 0 0 0 1 1 |
| 0 0 0 1 0 0 1 1 1 0 0 1 1 0 0 1 0 1 1 0 1 1 0 0 1 1 1 1 0 1 0 1 |
| 1 0 0 0 1 1 0 1 1 0 0 0 0 1 1 0 1 1 0 1 1 1 1 0 1 0 0 0 1 0 0 0 |
| 0 1 1 0 1 1 0 0 0 1 0 0 0 1 1 0 1 0 0 1 1 0 1 1 0 0 0 1 0 1 1 1 |
| 1 0 1 0 0 1 0 1 0 1 0 0 0 1 0 1 1 1 1 0 0 1 0 1 0 1 1 1 0 1 0 0 |
| 0 0                                                             |
- - - - - - - - - - - - - - - - - - - - - - - - - - - - - - - - - - 

Output Output 2: Finish processing IP packet 7e788c17-778d-44db-affa-9c81584a73c2!
- - - - - - - - - - - - - - - - - - - - - - - - - - - - - - - - - - 
| SOURCE                          DESTINATION                     |
- - - - - - - - - - - - - - - - - - - - - - - - - - - - - - - - - - 
| 95.89.25.18                     172.16.185.21                   |
- - - - - - - - - - - - - - - - - - - - - - - - - - - - - - - - - - 
|                          PAYLOAD                                |
- - - - - - - - - - - - - - - - - - - - - - - - - - - - - - - - - - 
| 0 0 1 0 1 1 0 1 0 0 1 0 0 0 0 0 0 1 0 1 0 1 0 1 1 0 0 0 0 0 0 0 |
| 0 0 0 1 0 0 1 1 1 0 1 0 0 0 1 1 1 0 1 0 0 0 1 0 1 1 0 0 1 0 0 1 |
| 0 1 0 1 1 1 1 1 0 1 1 0 0 0 0 0 1 1 0 1 1 1 0 0 1 0 0 1 0 1 0 1 |
| 1 0 0 0 0 1 0 1 1 0 0 0 0 1 1 1 0 0 1 0 1 1 0 1 1 1 0 0 0 0 0 0 |
| 0 1 1 1 1 0 1 1 1 1 0 0 0 0 1 1 1 0 1 0 0 1 1 1 0 0 1 1 1 1 1 0 |
| 0 0 1 1 1 0 1 0 0 1 1 1 1 1 0 0 1 0 0 1 0 0 0 1 1 1 0 1 0 0 1 0 |
| 1 0 1 1 0 1 1 0 0 1 0 0 1 0 0 0 1 0 0 1 0 0 1 1 1 0 0 0 0 0 0 0 |
| 1 1 0 0 1 0 1 1 0 1 0 0 0 0 1 0 0 0 0 0 1 0 1 0 0 1 0 1 1 1 0 1 |
| 1 1 0 0 1 0 1 1 1 1 0 1 0 0 1 1 1 0 1 0 0 1 1 0 1 1 1 0 0 1 0 0 |
| 1 0 1 0 0 1 1 0 0 0 1 0 1 0 1 1 0 0 1 0 0 0 1 1 1 0 0 0 0 0 0 1 |
| 1 1 1 0 0 0 0 0 1 1 0 0 0 0 0 1 0 1 0 1 1 0 1 0 1 0 1 0 1 0 1 1 |
| 1 1 1 0 1 0 0 1 0 1 1 0 0 1 0 0 1 0 1 1 1 0 1 1 0 1 1 1 0 1 1 1 |
| 0 1 0 0 0 0 0 0 0 1 1 1 1 0 1 0 1 1 0 0 0 0 0 0 1 0 0 1 1 1 1 0 |
| 0 1 0 1 1 1 1 0 0 0 0 0 1 1 1 0 1 0 0 1 0 1 1 0 0 0 1 0 0 0 1 1 |
| 0 0 1 1 1 1 0 1 0 1 0 0 0 1 1 0 0 0 1 0 1 0 0 0 0 1 0 1 0 0 0 0 |
| 1 1 1 0 0 0 0 0 0 0 0 0 1 1 0 1 1 0 1 1 1 0 0 0 0 0 1 0 1 0 0 0 |
| 1 0 0 1 1 1 1 1 0 1 0 0 0 1 0 1 1 1 1 0 1 1 0 0 0 0 1 1 0 1     |
- - - - - - - - - - - - - - - - - - - - - - - - - - - - - - - - - - 

Output Output 1: Finish processing IP packet 1b643a53-1384-43e4-8d0e-e90e4d2b1ab3!
- - - - - - - - - - - - - - - - - - - - - - - - - - - - - - - - - - 
| SOURCE                          DESTINATION                     |
- - - - - - - - - - - - - - - - - - - - - - - - - - - - - - - - - - 
| 79.25.194.190                   10.72.50.44                     |
- - - - - - - - - - - - - - - - - - - - - - - - - - - - - - - - - - 
|                          PAYLOAD                                |
- - - - - - - - - - - - - - - - - - - - - - - - - - - - - - - - - - 
| 0 1 1 0 1 1 0 1 1 0 0 0 1 1 0 0 0 0 1 0 1 0 0 1 1 0 1 0 0 1 1 0 |
| 0 1 0 0 0 1 1 1 0 1 1 1 1 1 0 0 1 1 1 0 0 1 0 0 0 0 1 0 1 1 1 0 |
| 1 0 1 0 0 1 0 0 1 0 1 1 1 0 0 1 0 0 0 1 1 1 0 0 0 0 1 1 1 0 0 1 |
| 1 0 0 1 0 0 0 1 0 0 1 1 1 1 1 0 1 1 0 1 1 0 0 0 0 0 1 1 1 0 1 1 |
| 0 1 0 0 1 0 1 0 0 1 0 0 1 1 1 0 0 1 1 1 0 1 0 1 1 1 1 0 1 0 0 1 |
| 1 0 0 1 1 0 0 1 0 1 0 1 1 1 0 0 0 0 0 0 0 1 1 1 1 1 0 0 0 0 0 1 |
| 1 0 0 0 0 1 0 1 1 1 1 0 1 0 0 1 1 1 1 0 0 0 0 1 1 0 1 0 0 1 1 0 |
| 1 0 1 0 0 0 0 1 1 0 0 0 0 1 0 1 0 0 1 1 1 0 0 0 0 1 1 1 0 1 1 0 |
| 0 1 0 1 0 0 0 0 0 1 0 1 0 0 1 1 1 1 0 1 0                       |
- - - - - - - - - - - - - - - - - - - - - - - - - - - - - - - - - - 

Output Output 0: Finish processing IP packet d7e42a25-3cec-4091-b81e-ac9122524b4c!
- - - - - - - - - - - - - - - - - - - - - - - - - - - - - - - - - - 
| SOURCE                          DESTINATION                     |
- - - - - - - - - - - - - - - - - - - - - - - - - - - - - - - - - - 
| 198.128.198.119                 192.168.1.109                   |
- - - - - - - - - - - - - - - - - - - - - - - - - - - - - - - - - - 
|                          PAYLOAD                                |
- - - - - - - - - - - - - - - - - - - - - - - - - - - - - - - - - - 
| 1 0 1 0 0 1 0 0 1 1 0 1 0 0 1 0 0 1 1 0 1 1 1 1 1 0 1 0 1 0 0 0 |
| 1 1 0 0 1 0 1 1 0 0 0 0 0 1 0 1 0 0 0 0 0 1 1 1 0 1 0 0 1 0 1 1 |
| 0 0 1 1 1 0 1 1 1 0 0 1 0 0 1 0 1 0 0 0 1 1 1 0 0 1 1 1 0 1 1 1 |
| 0 0 0 1 0 1 1 1 1 1 0 1 0 0 1 1 0 0 0 0 1 1 1 1 0 1 0 0 1 0 1 1 |
| 1 1 1 0 0 1 1 1 0 1 0 1 1 1 1 0 0 0 0 0 1 1 0 1 0 1 0 0 0 0 1 0 |
| 0 0 0 0 0 0 1 0 0 1 0 1 0 0 0 1 0 1 0 0 1 0 0 1 1 1 1 0 0 0 0 1 |
| 1 1 0 0 1 0 0 0 0 1 1 1 0 0 0 1 1 1 1 1 1 1 1 1 0 1 0 0 0 1 1 1 |
| 1 0 0 0 0 1 1 1 0 0 1 1 1 1 0 0 1 1 0 1 0 0 1 1 1 1 0 0 0 1 1 1 |
| 0 0 1 1 0 1 0 1 0 0 1 0 1 1 1 1 0 0 1 1 1 1 1 1 0 1 0 0 0 0 0 1 |
| 1 0 0 1 0 0 0 0 0 1 1 0 0 1 1 1 0 1 1 0 1 0 1 0 1 0 1 1 0 0 0 1 |
| 0 0 1 1 1 0 1 0 0 1 0 0 0 1 0 1 0 0 1 1 1 1 0 0 0 0 0 0 0 1 0 1 |
| 0 1                                                             |
- - - - - - - - - - - - - - - - - - - - - - - - - - - - - - - - - - 

Output Output 0: Finish processing IP packet aa5f48e2-93e7-4432-b207-311a120003d7!
- - - - - - - - - - - - - - - - - - - - - - - - - - - - - - - - - - 
| SOURCE                          DESTINATION                     |
- - - - - - - - - - - - - - - - - - - - - - - - - - - - - - - - - - 
| 235.129.7.198                   192.168.1.215                   |
- - - - - - - - - - - - - - - - - - - - - - - - - - - - - - - - - - 
|                          PAYLOAD                                |
- - - - - - - - - - - - - - - - - - - - - - - - - - - - - - - - - - 
| 1 0 1 1 0 1 1 1 1 1 0 0 0 0 0 1 0 1 1 0 0 1 1 1 0 1 0 0 1 0 1 1 |
| 1 1 0 0 1 0 1 1 0 0 1 0 1 0 0 1 1 1 1 0 0 0 0 1 1 0 1 0 0 0 1 1 |
| 0 0 0 1 0 1 0 1 1 1 0 0 0 1 0 0 1 0 0 1 0 1 0 0 0 0 1 1 0 1 1 1 |
| 0 1 1 0 1 0 0 1 0 0 1 0 0 0 0 1 0 0 0 0 0 1 1 0 1 0 1 1 0 0 0 1 |
| 0 0 0 0 1 0 0 0 0 0 0 0 1 0 0 0 0 1 1 1 0 1 0 1 0 1 1 0 1 1 0 1 |
| 0 0 1 1 0 1 1 0 1 1 0 0 0 0 1 1 1 0 1 1 1 1 0 0 1 1 1 0 0 0 1 0 |
| 0 1 0 0 0 0 0 1 0 1 1 1 0 0 1 0 1 1 1 1 0 1 0 0 1 1 0 0 0 1 1 1 |
| 0 0 0 0 1 1 0 0 1 0 0 0 0 1 0 0 1 0 1 0 1 0 1 0 0 0 0 0 1 0 0 1 |
| 0 1 0 0 1 1 0 1 0 1 0 1 1 1 1 1 0 1 1 0 1 0 1 0 1 1 1 0 1 0 1 0 |
| 1 1 0 1 0 0 0 0 1 0 1 1 1 1 0 0 1 0 1 0 1 1 0 1 1 0 1 0 0 1 0 0 |
| 0 0 0 1 0 1 0 0 1 0 1 1 0 0 1 0 1 0 1 0 0 1 0 1 0 1 0 1 0 0 0 0 |
| 1 1 1 0 0 1 0 1 0 0 1 1 0 0 0 0 0 0 0 1 0 1 1 1 0 0 0 0 1 1 1 0 |
| 0 0 1 1 1 1 0 0 0 1 0 1 0 1 1 0 1 0 0 1 0 1 1 1 0 0 1 1 0 1 0 1 |
| 0 0 1 1 0 0 0 0 0 0 0 1 1 0 1 0 1 1 0 1 0 0 0 1 0 1 1 1 0 1 1 1 |
- - - - - - - - - - - - - - - - - - - - - - - - - - - - - - - - - - 

Output Output 2: Finish processing IP packet 5763c8e6-6e28-4773-9d85-c8225c498169!
- - - - - - - - - - - - - - - - - - - - - - - - - - - - - - - - - - 
| SOURCE                          DESTINATION                     |
- - - - - - - - - - - - - - - - - - - - - - - - - - - - - - - - - - 
| 221.119.4.74                    172.16.181.58                   |
- - - - - - - - - - - - - - - - - - - - - - - - - - - - - - - - - - 
|                          PAYLOAD                                |
- - - - - - - - - - - - - - - - - - - - - - - - - - - - - - - - - - 
| 1 1 1 0 0 1 1 0 0 0 1 1 1 1 0 1 0 1 0 0 1 1 0 0 1 1 0 1 1 1 1 1 |
| 1 0 1 1 1 0 0 1 1 1 1 1 1 1 1 0 0 1 0 0 1 0 1 0 1 0 0 1 1 1 0 1 |
| 0 0 0 1 1 1 0 0 0 1 1 1 1 0 1 1 1 0 1 0 0 0 0 1 0 0 0 0 1 0 1 0 |
| 0 1 1 1 1 0 1 1 0 0 1 1 1 0 1 1 0 0 1 1 0 0 0 0 0 0 0 0 0 1 1 1 |
| 0 0 0 0 0 1 0 1 0 0 1 1 1 1 0 1 0 0 1 1 1 0 0 1 1 0 0 0 1 1 0 1 |
| 1 1 1 1 1 1 0 1 0 0 0 0 0 0 1 1 0 1 0 0 1 0 1 1 0 0 0 1 1 1 1 1 |
| 0 1 0 1 1 1 0 1 1 1 0 1 0 0 1 0 0 1 0 0 0 0 1 0 0 0 1 1 0 0 1 1 |
| 1 1 0 1 1 0 0 0 0 0 1 0 1 0 1 0 0 1 0 0 1 1 0 1 1 1 1 0 1 1 0 0 |
| 0 1 0 0 0 1 0 1 0 1 0 1 1 0 0 0 1 0 0 1 0 0 1 1 1 0 1 1 0 1 1 0 |
| 1 1 0 1 0 0 0 0 0 1 0 1 0 1 0 0 0 1 0 0 0 1 1 1 0 0 0 0 0 1 1 1 |
| 1 0 1 0 1 1 0 1 0 0 0 1 0 1 0 1 0 0 1 0 0 0 0 0 1 0 1 1 1 1 0 0 |
| 1 1 0 1 0 1 1 0 1 0 1 1 0 0 0 1 0 0 0 0 1 0 0 1 0 1 0 0 1 1 1 0 |
| 1 1 0 0 1 1 0 0 0 0 0 0 1 0 1 0 1 0 0 0 0 1 1 0 1 1 0 1 0 1 0 1 |
| 1 0 0 1 1 0 1 0 1 1 0 0 0 0 1 1 1 1 0 1 0 0 1 0 0 0 0 1 0 1 1 0 |
| 1 0 0 1 1 0 0 0 0 1 0 0 1 0 0 0 1 1 0 0 0 0 1 0 1 1 1 0 0 1 1 0 |
| 1 1 1 1 1 1 0 0 1 1 0 1 1 0 1 1 1 1 1 0 0 1 0 0 1 0 1 0 0 0 1 1 |
| 0 0 1 1 0 0 0 1 0 0 0 1 0 1 0 0 0 0 0 1 1 0 1 1 0 0 1 0 1 1 1 1 |
| 1 1 1 1 1 1 0 0 0 1 1 1 0 1 0 0 1 1 1 1 1 1 0 1 1 0 1 1 0 0 1 1 |
| 1 0 0 1 1 1 1 1 0 1 1 1 1 1 0 1 0 0 0 1 1 0 0 1 1 0 0 0 0 1 1 0 |
| 0 1 0 1 0 0 1 0 1 1 1 1 1 1 1 0 1 0 1 0 1 1 0 1 1 1 0 0 0 1 1 0 |
| 1 0 0 0 1 1 0 1 1 0 0 0 0 0 1 1 0 1 0 1 1 0 0 1 0 0 1 0 0 1 0 1 |
| 0 1 1 1 1 1 0 0 1 1 1 1 1 0 0 0 0 0 1 0 1 0 1 1 1 1 1 1 1 0 1 1 |
| 1 1 1 1 0 0 0 1 0 1 0 0 1 1 1 0 0 0 0 1 0 1 0 0 1 0 0 0 1 0 1 0 |
| 1 1 0 0 0 0 0 1 0 0 0 1 1 1 1 0 0 0 1 1 1 1 1 1 1 0 1 0 1 1 0 1 |
| 0 1 0 1 0 0 1 1 0 1 1 1 0 1 1 0 0 1 1 0 0 1 0 1 1 1 0 0 1 0 1 0 |
| 0 1 1 0 1 1 1 1 0 0 0 1 0 0 0 0 0 0 1 1 0 0 0 1 1 1 0 1 0 0 0 0 |
| 0 0 0 1 0 1 0 0 1 1 1 1 0 1 0 0 1 1 0 0 0 0 1 0 0 0 0 1 0 1 1 0 |
| 0 1 0 1 0 1 1 0 1 1 0 1 1 0 0 1 0 0 1 1 0 1 0 0 1 1 0 0 0 0 0 0 |
| 1 0 1 0 0 1 0 0 1 0 0 1 0 0 1 1 0 1 0 1 0 0 1 0 0 1 0 1 1 0 1 1 |
| 1 1 1 0 1 1 1 1 1 1 1 0 0 0 1 1 0 1 1 1 1 0 1 0 0 1 0 0 0 0 0 0 |
| 0 1 1 0 0 1 1                                                   |
- - - - - - - - - - - - - - - - - - - - - - - - - - - - - - - - - - 

Output Output 2: Finish processing IP packet 2cdff00a-3c9f-4146-afa7-e733304a008d!
- - - - - - - - - - - - - - - - - - - - - - - - - - - - - - - - - - 
| SOURCE                          DESTINATION                     |
- - - - - - - - - - - - - - - - - - - - - - - - - - - - - - - - - - 
| 16.106.166.4                    172.16.172.9                    |
- - - - - - - - - - - - - - - - - - - - - - - - - - - - - - - - - - 
|                          PAYLOAD                                |
- - - - - - - - - - - - - - - - - - - - - - - - - - - - - - - - - - 
| 0 0 1 0 0 1 1 1 1 1 0 1 0 1 0 1 1 1 1 0 0 0 1 1 0 0 1 1 0 1 0 0 |
| 1 1 0 1 0 1 1 0 1 0 0 0 0 0 1 0 1 1 0 0 1 0 0 0 1 0 0 1 0 0 0 0 |
| 0 0 0 1 1 1 1 1 0 1 1 1 0 0 1 0 1 1 1 1 0 0 1 0 1 1 1 0 1 1 0 0 |
| 0 1 0 0 1 0 1 0 0 0 1 0 0 0 1 1 0 1 1 0 1 0 0 0 1 1 0 0 0 1 0 1 |
| 0 1 1 0 0 0 0 1 1 0 1 1 1 1 1 1 1 1 0 1 0 0 1 0 1 0 0 1 1 1 1 0 |
| 1 0 0 0 1 0 0 1 1 1 1 1 0 1 0 0 0 1 0 1 0 1 0 1 1 0 1 0 1 0 0 0 |
| 1 0 1 1 0 0 1 1 0 0 0 0 0 0 1 1 0 1 0 1 1 1 1 1 1 0 1 0 1 1 1 0 |
| 1 0 0 1 1 0 1 0 0 1 0 1 1 1 0 1 1 1 0 1 1 1 1 0 0 1 1 1 0 1 0 1 |
| 0 1 1 1 1 1 0 1 1 0 1 0 1 0 1 0 0 0 1 1 1 1 1 1 1 0 1 0 1 0 1 1 |
| 1 1 1 1 0 0 1 1 0 0 0 1 0 1 0 1 1 1 1 0 1 1 0 0 0 1 1 0 1 1 1 1 |
| 1 1 0 0 1 1 1 1 1 1 1 1 0 0 0 1 1 1 0 0 0 0 0 0 0 1 0 1 1 0 1 1 |
| 0 1 1 1 0 0 0 0 0 1 0 0 1 0 1 1 0 0 0 1 1 1 1 1 1 1 1 0 1 0 0 1 |
| 0 0 0 0 1 1 1 1 1 1 1 0 0 0 1 1 0 1 1 0 1 1 0 0 1 1 0 0 0 1 0 1 |
| 0 0 0 1 1                                                       |
- - - - - - - - - - - - - - - - - - - - - - - - - - - - - - - - - - 

Output Output 1: Finish processing IP packet c9efea93-ac9c-4a87-b85c-eace77bc6728!
- - - - - - - - - - - - - - - - - - - - - - - - - - - - - - - - - - 
| SOURCE                          DESTINATION                     |
- - - - - - - - - - - - - - - - - - - - - - - - - - - - - - - - - - 
| 221.192.19.209                  172.16.174.210                  |
- - - - - - - - - - - - - - - - - - - - - - - - - - - - - - - - - - 
|                          PAYLOAD                                |
- - - - - - - - - - - - - - - - - - - - - - - - - - - - - - - - - - 
| 1 0 1 0 1 1 0 0 0 1 1 1 0 1 1 1 0 0 1 0 0 1 1 1 0 1 0 1 1 1 0 1 |
| 0 0 1 0 1 0 1 1 1 1 0 0 0 1 0 0 1 1 0 0 0 0 0 0 0 1 1 1 0 1 0 0 |
| 0 1 0 0 0 1 1 0 0 1 0 1 0 0 1 1 0 0 0 0 0 0 0 1 0 1 1 0 0 1 0 0 |
| 0 1 1 0 1 0 0 1 1 0 1 0 0 1 0 0 0 0 1 0 0 0 1 0 0 1 0 1 1 1 1 1 |
| 1 0 1 0 0 0 1 1 1 0 0 0 1 1 1 1 0 0 1 0 0 0 1 0 1 1 0 0 1 0 1 0 |
| 1 0 1 0 1 0 0 0 1 0 1 1 0 1 0 1 0 1 0 1 0 0 1 1 1 1 0 0 1 1 1 0 |
| 1 0 0 1 1 0 1 0 1 1 1 1 1 0 0 0 1 0 0 1 1 1 0 1 0 0 0 0 0 1 0 0 |
| 1 0 1 1 1 0 1 1 1 1 1 0 1 0 0 1 1 1 1 0 1 1 1 1 1 1 1 0 1 0 1 1 |
| 0 0 0 1 1 0 0 0 1 1 0 1 0 0 1 1 0 0 0 0 0 0 1 1 0 1 0 0 1 1 0 0 |
| 1 1 1 1 1 1 1 1 0 1 0 1 1 1 1 1 1 0 0 1 1 1 1 1 0 1 1 1 1 0 1 1 |
| 1 1 0 0 0 1 0 0 1 1 1 0 0 0 1 0 0 1 1 0 0 1 0 0 0 0 1 0 1 1 1 1 |
| 0 1 0 0 1 0 1 1 0 1 1 1 1 0 1 1 0 1 0 1 1 1 1 1 0 1 0 0 1 1 1 0 |
| 1 1 0 0 0 0 0 1 0 0 1 1 1 0 1 0 0 0 1 0 1 0 1 1 0 1 0 0 1 1 1 0 |
| 1 1 1 0 0 0 0 0 0 0 0 0 1 0 1 0 0 0 1 0 0 0 0 1 0 0 1 0 0 1 1 0 |
| 0 0 0 0 0 0 1 1 1 0 0 1 1 0 0 0 0 1 1 0 0 1 0 1 0 0 0 0 0 0 0 0 |
| 1 0 1 0 0 1 0 1 0 0 1 1 0 0 0 0 1 1 0 1 0 1 1 1 1 1 1 1 0 1 0 0 |
| 1 0 1 0 1 0 1 1 1 0 0 1 0 1 1 1 0 1 1 1 0 1 0 1 1 0 0 0 1 0 0 0 |
| 1 0 1 1 1 0 1 0 0 1 0 0 0 1 1 1 1 0 1 1 0 0 1 0 0 0 0 0 1 1 0 0 |
| 1 0 1 0 0 0 1 1 1 0 1 1 0 1 1 0 1 1 1 1 1 1 0 1 0 0 1 0 1 0 0 0 |
| 0 0 1 1 1 1 1 1 1 0 1 1 1 0 0 1 0 1 0 1 0 0 0 0 1 0 0 0 0 0 0 0 |
| 1 1 1 1 1 0 0 1 0 1 0 1 0 0 0 1 1 0 1 1 1 1 0 1 0 0 1 0 1 1 1 1 |
| 0 1 1 1 1 1 1 1 1 1 0 1 1 1 1 0 0 1 1 1 0 1 0 0 0 0 0 1 1 1 0 1 |
| 0 0 1 0 0 1 1 0 1 0 1 0 1 1 1 0 1 0 1 0 0 1 0 1 0 0 1 1 1 0 0 1 |
| 0 1 0 1 0 1 1 1 0 1 0 1 1 1 1 0 1                               |
- - - - - - - - - - - - - - - - - - - - - - - - - - - - - - - - - - 

Output Output 0: Finish processing IP packet c21d3c19-bd62-44b8-b6ee-d48992740eee!
- - - - - - - - - - - - - - - - - - - - - - - - - - - - - - - - - - 
| SOURCE                          DESTINATION                     |
- - - - - - - - - - - - - - - - - - - - - - - - - - - - - - - - - - 
| 166.175.17.133                  192.168.1.64                    |
- - - - - - - - - - - - - - - - - - - - - - - - - - - - - - - - - - 
|                          PAYLOAD                                |
- - - - - - - - - - - - - - - - - - - - - - - - - - - - - - - - - - 
| 0 0 0 0 0                                                       |
- - - - - - - - - - - - - - - - - - - - - - - - - - - - - - - - - - 

Output Output 0: Finish processing IP packet 3a857541-30e3-47c1-9fe9-09f41bb5c404!
- - - - - - - - - - - - - - - - - - - - - - - - - - - - - - - - - - 
| SOURCE                          DESTINATION                     |
- - - - - - - - - - - - - - - - - - - - - - - - - - - - - - - - - - 
| 91.79.172.35                    192.168.1.48                    |
- - - - - - - - - - - - - - - - - - - - - - - - - - - - - - - - - - 
|                          PAYLOAD                                |
- - - - - - - - - - - - - - - - - - - - - - - - - - - - - - - - - - 
| 0 0 1 1 1 1 1 0 1 0 0 1 0 0 0 1 0 1 0 0 0 0 1 1 0 0 0 1 0 1 1 1 |
| 0 1 1 1 0 0 0 0 1 1 0 0 0 0 0 0 0 0 1 0 0 1 0 0 0 1 1 0 1 0 1 0 |
| 1 0 1 0 1 0 0 1 1 0 1 0 0 1 0 1 0 1 1 0 1 0 0 1 0 1 1 1 1 1 1 0 |
| 1 0 0 1 0 1 0 0 1 0 1 0 1 1 0 0 0 1 0 0 1 0 0 1 0 1 0 0 1 1 0 1 |
| 0 1 1 1 1 1 1 0 1 0 0 1 0 0 0 1 1 1 0 0 1 1 0 0 0 1 1 1 1 0 0 1 |
| 1 1 0 0 0 1 1 1 1 1 0 1 1 1 0 0 1 0 0 0 0 1 1 0 1 1 1 0 1 1 1 1 |
| 0 1 0 0 1 0 0 1 1 1 0 0 1 0 1 0 0 0 0 1 0 0 1 0 0 0 0 0 0 0 1 0 |
| 1 1 1 1 0 1 1 0 0 1 1 1 0 0 1 1 1 0 0 1 0 0 1 0 0 1 1 0 1 0 1 0 |
| 0 0 0 0 0 0 1 0 0 0 1 1 0 1 0 0 1 1 1 0 1 1 1 0 1 1 1 0 1 1 1 1 |
| 1 1 1 0 1 1 0 0 1 0 0 1 0 1 0 0 0 0 0 1 1 1 0 0 0 1 0 0 1 1 1 0 |
| 0 0 0 0 1 0 0 0 0 0 1 1 0 1 0 1 0 1 1 0 1 1 0 0 0 1 0 1 1 1 0 0 |
| 0 1 1 1 1 0 1 0 1 1 0 0 0 0 0 0 1 1 1 0 0 0 1 1 0 0 1 1 1 1 1 1 |
| 1 1 1 1 0 1 1 0 0 0 0 0 1 0 1 1 0 1 0 1 1 1 1 0 0 1 0 0 0 1 0 1 |
| 1 0 1 0 0 0 0 1 1 0 1 1 1 0 0 0 0 1 0 1 0 1 0 1 0 1 1 1 1 0 1 0 |
| 0 0 1 1 1 0 0 0 1 1 0 0 1 1 0 0 1 1 0 1 1 1 0 0 0 0 0 1 1 1 1 0 |
| 1 0 0 0 1 1 0 1 1 1 1 0 0 0 1 1 1 1 1 1 1 0 0 1 0 1 1 1 1 1 1 0 |
| 0 0 1 0 0 0 1 1 1 0 0 0 0 1 0 0 1 0 0 0 0 1 0 1 1 1 1 1 1 1 1 0 |
| 1 0 0 1 1 0 1 0 0 0 1 0 0 0 0 1 0 0 1 1 0 0 0 1 1 1 1 1 1 0 0 1 |
| 1 0 1 1 0 0 0 0 1 1 1 1 0 1 0 0 1 1 0 1 0 1 0 1 0 1 0 1 0 0 0 1 |
| 1 0 1 1 1 1 1 1 1 1 1 1 1 1 0 1 1 0 1 0 1 1 0 1 1 0 0 1 1 0 0 1 |
| 0 0 0 0 1 1 0 0 0 1 1 1 1 0 0 1 1 1 0 1 0 0 0 1 1 0 1 1 0 0 1 1 |
| 0 0 1 1 1 1 1 1 1 0 0 1 1 0 1 0 0 1 1 0 0 0 0 0 1 1 0 0 0 0 0 1 |
| 1 0 1 1 0 1 0 0 1 0 1 0 0 0 1 1 1 0 1 1 0 1 1 1 0 1 1 1 1 1 1 0 |
| 0 1 1 1 1 0 1 0 1 1                                             |
- - - - - - - - - - - - - - - - - - - - - - - - - - - - - - - - - - 

Output Output 0: Finish processing IP packet b758a949-3a46-436b-ba66-3808d7c47dbf!
- - - - - - - - - - - - - - - - - - - - - - - - - - - - - - - - - - 
| SOURCE                          DESTINATION                     |
- - - - - - - - - - - - - - - - - - - - - - - - - - - - - - - - - - 
| 100.242.151.112                 192.168.1.141                   |
- - - - - - - - - - - - - - - - - - - - - - - - - - - - - - - - - - 
|                          PAYLOAD                                |
- - - - - - - - - - - - - - - - - - - - - - - - - - - - - - - - - - 
| 0 0 1 0 0 0 0 0 0 0 1 0 1 1 0 1 0 1 0 0 1 0 0 0 1 0 1 0 0 0 1 1 |
| 1 0 1 0 1 1 0 0 0 0 0 1 1 0 0 1 1 1 0 0 1 0 0 1 1 0 0 1 1 1 1 0 |
| 1 0 1 0 1 0 1 0 1 0 1 1 1 0 0 1 0 0 1 0 0 1 0 0 1 0 1 1 0 1 0 1 |
| 1 1 0 1 0 1 0 0 0 1 0 0 0 0 0 0 1 0 0 1 0 0 0 1 0 0 1 1 0 1 0 0 |
| 0 0 0 0 1 1 1 0 0 0 0 1 0 0 1 0 0 0 0 1 1 0 1 0 1 1 1 1 1 0 0 0 |
| 0 1 0 0 1 1 1 1 1 0 1 0 1 0 0 1 1 1 0 1 0 0 1 0 1 1 1 0 0 1 1 1 |
| 1 1 1 1 0 1 0 0 1 1 0 0 0 0 0 1 0 1 1 0 1 1 0 0 1 1 0 1 1 1 1 1 |
| 1 0 0 0 0 0 1 1 0 0 1 1 1 0 0 1 0 0 1 0 1 1 1 1 1 0 0 1 0 0 1 1 |
| 0 0 1 1 1 0 0 1 1 0 0 0 0 1 1 0 1 1 1 0 1 0 1 0 0 1 0 1 0 1 1 1 |
| 0 1 1 0 0 1 1 0 0 0 0 0 0 0 0 0 1 0 1 1 1 1 0 1 0 0 1 0 1 1 1 0 |
| 1 0 0 0 1 0 0 0 1 0 0 0 0 0 1 0 1 1 0 0 1 1 1 1 0 0 0 0 1 1 0 1 |
| 0 1 0 1 1 1 1 1 1 0 0 0 0 0 1 0 1 1 1 1 0 0 0 1 0 1 1 0 0 0 0 1 |
| 0 1 1 1 0 1 1 0 0 1 0 1 0 1 0 1 1 0 1 1 0 0 0 1 0 1 1 1 0 1 0 0 |
| 1 1 0 1 1 0 1 1 0 0 1 0 1 0 0 1 0 0 1 0 0 1 1 0 1 0 1 0 0 1 1 0 |
| 1 1 1 1 0 1 0 0 0 1 1 1 0 0 0 1 1 1 0 0 1 0 1 1 0 1 1 1 1 0 0 1 |
| 0 0 1 1 1 0 1 1 1 1 1 1 0 1 1 0 0 1 1 0 1 1 0 1 0 0 0 1 0 0 0 0 |
| 0 1 1 0 1 0 1 0 1 0 1 1 0 1 1 1 1 1 1 1 1 0 0 1 1 1 1 0 0 1 1 1 |
| 0 0 1 0 0 0 1 1 0 1 1 1 0 1 1 1 0 0 1 0 0 1 0 1 1 0 1 1 0 0 1 0 |
| 1 0                                                             |
- - - - - - - - - - - - - - - - - - - - - - - - - - - - - - - - - - 

